[0.450s] Invoking command in '/home/imaan/ros2_ws_imaan/src/my_first_pkg': PYTHONPATH=/home/imaan/ros2_ws_imaan/build/my_first_pkg/prefix_override:/usr/lib/python3/dist-packages/colcon_core/task/python/colcon_distutils_commands:/home/imaan/ros2_ws_imaan/install/my_first_pkg/lib/python3.10/site-packages:${PYTHONPATH} /usr/bin/python3 -W ignore:setup.py install is deprecated -W ignore:easy_install command is deprecated setup.py egg_info --egg-base ../../build/my_first_pkg build --build-base /home/imaan/ros2_ws_imaan/build/my_first_pkg/build install --record /home/imaan/ros2_ws_imaan/build/my_first_pkg/install.log --single-version-externally-managed install_data
[0.579s] running egg_info
[0.580s] creating ../../build/my_first_pkg/my_first_pkg.egg-info
[0.580s] writing ../../build/my_first_pkg/my_first_pkg.egg-info/PKG-INFO
[0.580s] writing dependency_links to ../../build/my_first_pkg/my_first_pkg.egg-info/dependency_links.txt
[0.580s] writing entry points to ../../build/my_first_pkg/my_first_pkg.egg-info/entry_points.txt
[0.580s] writing requirements to ../../build/my_first_pkg/my_first_pkg.egg-info/requires.txt
[0.580s] writing top-level names to ../../build/my_first_pkg/my_first_pkg.egg-info/top_level.txt
[0.580s] writing manifest file '../../build/my_first_pkg/my_first_pkg.egg-info/SOURCES.txt'
[0.581s] reading manifest file '../../build/my_first_pkg/my_first_pkg.egg-info/SOURCES.txt'
[0.581s] writing manifest file '../../build/my_first_pkg/my_first_pkg.egg-info/SOURCES.txt'
[0.582s] running build
[0.582s] running build_py
[0.582s] creating /home/imaan/ros2_ws_imaan/build/my_first_pkg/build
[0.582s] creating /home/imaan/ros2_ws_imaan/build/my_first_pkg/build/lib
[0.582s] creating /home/imaan/ros2_ws_imaan/build/my_first_pkg/build/lib/my_first_pkg
[0.582s] copying my_first_pkg/__init__.py -> /home/imaan/ros2_ws_imaan/build/my_first_pkg/build/lib/my_first_pkg
[0.582s] running install
[0.582s] running install_lib
[0.582s] creating /home/imaan/ros2_ws_imaan/install/my_first_pkg/lib/python3.10/site-packages/my_first_pkg
[0.583s] copying /home/imaan/ros2_ws_imaan/build/my_first_pkg/build/lib/my_first_pkg/__init__.py -> /home/imaan/ros2_ws_imaan/install/my_first_pkg/lib/python3.10/site-packages/my_first_pkg
[0.583s] byte-compiling /home/imaan/ros2_ws_imaan/install/my_first_pkg/lib/python3.10/site-packages/my_first_pkg/__init__.py to __init__.cpython-310.pyc
[0.583s] running install_data
[0.583s] creating /home/imaan/ros2_ws_imaan/install/my_first_pkg/share/ament_index
[0.583s] creating /home/imaan/ros2_ws_imaan/install/my_first_pkg/share/ament_index/resource_index
[0.583s] creating /home/imaan/ros2_ws_imaan/install/my_first_pkg/share/ament_index/resource_index/packages
[0.583s] copying resource/my_first_pkg -> /home/imaan/ros2_ws_imaan/install/my_first_pkg/share/ament_index/resource_index/packages
[0.583s] copying package.xml -> /home/imaan/ros2_ws_imaan/install/my_first_pkg/share/my_first_pkg
[0.583s] running install_egg_info
[0.583s] Copying ../../build/my_first_pkg/my_first_pkg.egg-info to /home/imaan/ros2_ws_imaan/install/my_first_pkg/lib/python3.10/site-packages/my_first_pkg-0.0.0-py3.10.egg-info
[0.584s] running install_scripts
[0.595s] writing list of installed files to '/home/imaan/ros2_ws_imaan/build/my_first_pkg/install.log'
[0.612s] Invoked command in '/home/imaan/ros2_ws_imaan/src/my_first_pkg' returned '0': PYTHONPATH=/home/imaan/ros2_ws_imaan/build/my_first_pkg/prefix_override:/usr/lib/python3/dist-packages/colcon_core/task/python/colcon_distutils_commands:/home/imaan/ros2_ws_imaan/install/my_first_pkg/lib/python3.10/site-packages:${PYTHONPATH} /usr/bin/python3 -W ignore:setup.py install is deprecated -W ignore:easy_install command is deprecated setup.py egg_info --egg-base ../../build/my_first_pkg build --build-base /home/imaan/ros2_ws_imaan/build/my_first_pkg/build install --record /home/imaan/ros2_ws_imaan/build/my_first_pkg/install.log --single-version-externally-managed install_data
