[0.355s] Invoking command in '/home/imaan/ros2_ws_imaan/src/my_first_pkg': PYTHONPATH=/home/imaan/ros2_ws_imaan/build/my_first_pkg/prefix_override:/usr/lib/python3/dist-packages/colcon_core/task/python/colcon_distutils_commands:/home/imaan/ros2_ws_imaan/install/my_first_pkg/lib/python3.10/site-packages:${PYTHONPATH} /usr/bin/python3 -W ignore:setup.py install is deprecated -W ignore:easy_install command is deprecated setup.py egg_info --egg-base ../../build/my_first_pkg build --build-base /home/imaan/ros2_ws_imaan/build/my_first_pkg/build install --record /home/imaan/ros2_ws_imaan/build/my_first_pkg/install.log --single-version-externally-managed install_data
[0.488s] running egg_info
[0.488s] writing ../../build/my_first_pkg/my_first_pkg.egg-info/PKG-INFO
[0.489s] writing dependency_links to ../../build/my_first_pkg/my_first_pkg.egg-info/dependency_links.txt
[0.489s] writing entry points to ../../build/my_first_pkg/my_first_pkg.egg-info/entry_points.txt
[0.489s] writing requirements to ../../build/my_first_pkg/my_first_pkg.egg-info/requires.txt
[0.489s] writing top-level names to ../../build/my_first_pkg/my_first_pkg.egg-info/top_level.txt
[0.490s] reading manifest file '../../build/my_first_pkg/my_first_pkg.egg-info/SOURCES.txt'
[0.490s] writing manifest file '../../build/my_first_pkg/my_first_pkg.egg-info/SOURCES.txt'
[0.491s] running build
[0.491s] running build_py
[0.491s] copying my_first_pkg/simple_node.py -> /home/imaan/ros2_ws_imaan/build/my_first_pkg/build/lib/my_first_pkg
[0.491s] running install
[0.491s] running install_lib
[0.491s] copying /home/imaan/ros2_ws_imaan/build/my_first_pkg/build/lib/my_first_pkg/simple_node.py -> /home/imaan/ros2_ws_imaan/install/my_first_pkg/lib/python3.10/site-packages/my_first_pkg
[0.492s] byte-compiling /home/imaan/ros2_ws_imaan/install/my_first_pkg/lib/python3.10/site-packages/my_first_pkg/simple_node.py to simple_node.cpython-310.pyc
[0.492s] running install_data
[0.492s] running install_egg_info
[0.493s] removing '/home/imaan/ros2_ws_imaan/install/my_first_pkg/lib/python3.10/site-packages/my_first_pkg-0.0.0-py3.10.egg-info' (and everything under it)
[0.493s] Copying ../../build/my_first_pkg/my_first_pkg.egg-info to /home/imaan/ros2_ws_imaan/install/my_first_pkg/lib/python3.10/site-packages/my_first_pkg-0.0.0-py3.10.egg-info
[0.493s] running install_scripts
[0.505s] Installing simple_node script to /home/imaan/ros2_ws_imaan/install/my_first_pkg/lib/my_first_pkg
[0.505s] writing list of installed files to '/home/imaan/ros2_ws_imaan/build/my_first_pkg/install.log'
[0.521s] Invoked command in '/home/imaan/ros2_ws_imaan/src/my_first_pkg' returned '0': PYTHONPATH=/home/imaan/ros2_ws_imaan/build/my_first_pkg/prefix_override:/usr/lib/python3/dist-packages/colcon_core/task/python/colcon_distutils_commands:/home/imaan/ros2_ws_imaan/install/my_first_pkg/lib/python3.10/site-packages:${PYTHONPATH} /usr/bin/python3 -W ignore:setup.py install is deprecated -W ignore:easy_install command is deprecated setup.py egg_info --egg-base ../../build/my_first_pkg build --build-base /home/imaan/ros2_ws_imaan/build/my_first_pkg/build install --record /home/imaan/ros2_ws_imaan/build/my_first_pkg/install.log --single-version-externally-managed install_data
